::1 - - [28/Oct/2022:09:33:26 +1100] "GET / HTTP/1.1" 200 671
::1 - - [28/Oct/2022:09:33:26 +1100] "GET /favicon.ico HTTP/1.1" 404 196
::1 - - [28/Oct/2022:09:33:39 +1100] "GET /index.php HTTP/1.1" 200 1705
::1 - - [28/Oct/2022:09:33:39 +1100] "GET /js/webkitAudioContextMonkeyPatch.js HTTP/1.1" 200 7265
::1 - - [28/Oct/2022:09:33:39 +1100] "GET /css/build.css HTTP/1.1" 200 17123
::1 - - [28/Oct/2022:09:33:39 +1100] "GET /js/build.js HTTP/1.1" 200 471941
::1 - - [28/Oct/2022:09:33:39 +1100] "GET /js/a.js HTTP/1.1" 200 8578
::1 - - [28/Oct/2022:09:33:39 +1100] "GET /images/loading-intersect.png HTTP/1.1" 200 19842
::1 - - [28/Oct/2022:09:33:39 +1100] "GET /images/wolfenstein3d-logo.png HTTP/1.1" 200 2816
::1 - - [28/Oct/2022:09:33:39 +1100] "GET /images/start.png HTTP/1.1" 200 17407
::1 - - [28/Oct/2022:09:33:42 +1100] "GET /music/copypro.mp4 HTTP/1.1" 206 651274
::1 - - [28/Oct/2022:09:33:42 +1100] "GET /images/favicon.png HTTP/1.1" 200 674
::1 - - [28/Oct/2022:09:33:47 +1100] "GET /html/pc13.html HTTP/1.1" 200 59
::1 - - [28/Oct/2022:09:33:47 +1100] "GET /music/nazi_nor.mp4 HTTP/1.1" 206 295289
::1 - - [28/Oct/2022:09:33:47 +1100] "GET /images/pc13.png HTTP/1.1" 200 704
::1 - - [28/Oct/2022:09:33:53 +1100] "GET /html/title.html HTTP/1.1" 200 63
::1 - - [28/Oct/2022:09:33:53 +1100] "GET /images/welcome.png HTTP/1.1" 200 21972
::1 - - [28/Oct/2022:09:33:58 +1100] "GET /html/credits.html HTTP/1.1" 200 142
::1 - - [28/Oct/2022:09:33:58 +1100] "GET /images/credits.png HTTP/1.1" 200 3384
::1 - - [28/Oct/2022:09:33:58 +1100] "GET /images/credits-stripes.png HTTP/1.1" 200 92
::1 - - [28/Oct/2022:09:34:04 +1100] "GET /html/highscores.html HTTP/1.1" 200 2323
::1 - - [28/Oct/2022:09:34:04 +1100] "GET /images/highscores.png HTTP/1.1" 200 2925
::1 - - [28/Oct/2022:09:34:04 +1100] "GET /images/highscores-stripes.png HTTP/1.1" 200 81
::1 - - [28/Oct/2022:09:34:04 +1100] "GET /images/highscores-name.png HTTP/1.1" 200 164
::1 - - [28/Oct/2022:09:34:04 +1100] "GET /images/highscores-level.png HTTP/1.1" 200 166
::1 - - [28/Oct/2022:09:34:04 +1100] "GET /images/highscores-score.png HTTP/1.1" 200 173
::1 - - [28/Oct/2022:09:34:25 +1100] "GET /html/menu.html HTTP/1.1" 200 758
::1 - - [28/Oct/2022:09:34:25 +1100] "GET /images/options.png HTTP/1.1" 200 1962
::1 - - [28/Oct/2022:09:34:25 +1100] "GET /images/options-stripes.png HTTP/1.1" 200 81
::1 - - [28/Oct/2022:09:34:25 +1100] "GET /images/menu-help.png HTTP/1.1" 200 367
::1 - - [28/Oct/2022:09:34:25 +1100] "GET /images/menu-cursor.png HTTP/1.1" 200 310
::1 - - [28/Oct/2022:09:34:25 +1100] "GET /music/wonderin.mp4 HTTP/1.1" 206 323040
::1 - - [28/Oct/2022:09:34:26 +1100] "GET /sounds/sfx/movegun1.mp4 HTTP/1.1" 200 2621
::1 - - [28/Oct/2022:09:34:37 +1100] "GET /sounds/sfx/shoot.mp4 HTTP/1.1" 200 4570
::1 - - [28/Oct/2022:09:34:38 +1100] "GET /html/loadgame.html HTTP/1.1" 200 1343
::1 - - [28/Oct/2022:09:34:38 +1100] "GET /images/loadgame.png HTTP/1.1" 200 2997
::1 - - [28/Oct/2022:09:34:38 +1100] "GET /images/loadgame-stripes.png HTTP/1.1" 200 82
::1 - - [28/Oct/2022:09:34:42 +1100] "GET /sounds/sfx/escpressed.mp4 HTTP/1.1" 200 4143
::1 - - [28/Oct/2022:09:34:48 +1100] "GET /html/readthis.html HTTP/1.1" 200 18323
::1 - - [28/Oct/2022:09:34:48 +1100] "GET /music/corner.mp4 HTTP/1.1" 206 282238
::1 - - [28/Oct/2022:09:34:48 +1100] "GET /images/stealth-bj.png HTTP/1.1" 200 4964
::1 - - [28/Oct/2022:09:34:48 +1100] "GET /images/castle-wolfenstein.png HTTP/1.1" 200 2186
::1 - - [28/Oct/2022:09:34:48 +1100] "GET /images/twoguns-bj.png HTTP/1.1" 200 4052
::1 - - [28/Oct/2022:09:34:48 +1100] "GET /images/keyboard-readthis.png HTTP/1.1" 200 898
::1 - - [28/Oct/2022:09:34:48 +1100] "GET /images/controls-readthis.png HTTP/1.1" 200 1441
::1 - - [28/Oct/2022:09:34:48 +1100] "GET /images/weapons-readthis.png HTTP/1.1" 200 741
::1 - - [28/Oct/2022:09:34:48 +1100] "GET /images/goldkey-readthis.png HTTP/1.1" 200 285
::1 - - [28/Oct/2022:09:34:49 +1100] "GET /images/foods-readthis.png HTTP/1.1" 200 617
::1 - - [28/Oct/2022:09:34:49 +1100] "GET /images/readthis-down.png HTTP/1.1" 200 2856
::1 - - [28/Oct/2022:09:34:49 +1100] "GET /images/readthis-up.png HTTP/1.1" 200 847
::1 - - [28/Oct/2022:09:34:49 +1100] "GET /images/readthis-left.png HTTP/1.1" 200 855
::1 - - [28/Oct/2022:09:34:49 +1100] "GET /images/readthis-right.png HTTP/1.1" 200 827
::1 - - [28/Oct/2022:09:34:49 +1100] "GET /images/id-logo.png HTTP/1.1" 200 440
::1 - - [28/Oct/2022:09:34:49 +1100] "GET /images/ammo-readthis.png HTTP/1.1" 200 1222
::1 - - [28/Oct/2022:09:34:49 +1100] "GET /images/sod-readthis.png HTTP/1.1" 200 13098
::1 - - [28/Oct/2022:09:34:52 +1100] "GET /sounds/sfx/movegun2.mp4 HTTP/1.1" 200 3060
::1 - - [28/Oct/2022:09:35:54 +1100] "GET /html/episode.html HTTP/1.1" 200 1830
::1 - - [28/Oct/2022:09:35:54 +1100] "GET /images/episode1.png HTTP/1.1" 200 448
::1 - - [28/Oct/2022:09:35:54 +1100] "GET /images/episode3.png HTTP/1.1" 200 564
::1 - - [28/Oct/2022:09:35:54 +1100] "GET /images/episode2.png HTTP/1.1" 200 571
::1 - - [28/Oct/2022:09:35:54 +1100] "GET /images/episode4.png HTTP/1.1" 200 586
::1 - - [28/Oct/2022:09:35:54 +1100] "GET /images/episode7.png HTTP/1.1" 200 4331
::1 - - [28/Oct/2022:09:35:54 +1100] "GET /images/episode5.png HTTP/1.1" 200 632
::1 - - [28/Oct/2022:09:35:54 +1100] "GET /images/episode6.png HTTP/1.1" 200 728
::1 - - [28/Oct/2022:09:36:06 +1100] "GET /html/difficulty.html HTTP/1.1" 200 502
::1 - - [28/Oct/2022:09:36:06 +1100] "GET /images/difficulty-pictures.png HTTP/1.1" 200 2232
::1 - - [28/Oct/2022:09:36:19 +1100] "GET /html/game.html HTTP/1.1" 200 2481
::1 - - [28/Oct/2022:09:36:19 +1100] "GET /images/game-pause.png HTTP/1.1" 200 926
::1 - - [28/Oct/2022:09:36:19 +1100] "GET /images/hidden.png HTTP/1.1" 200 68
::1 - - [28/Oct/2022:09:36:19 +1100] "GET /images/hud/hud.png HTTP/1.1" 200 2604
::1 - - [28/Oct/2022:09:36:19 +1100] "GET /images/sprites/items.png HTTP/1.1" 200 25540
::1 - - [28/Oct/2022:09:36:19 +1100] "GET /images/sprites/sod-items.png HTTP/1.1" 200 63465
::1 - - [28/Oct/2022:09:36:19 +1100] "GET /images/walls/walls.png HTTP/1.1" 200 399276
::1 - - [28/Oct/2022:09:36:19 +1100] "GET /images/hud/weapons.png HTTP/1.1" 200 487
::1 - - [28/Oct/2022:09:36:19 +1100] "GET /images/hud/faces.png HTTP/1.1" 200 6844
::1 - - [28/Oct/2022:09:36:19 +1100] "GET /images/hud/keys.png HTTP/1.1" 200 410
::1 - - [28/Oct/2022:09:36:19 +1100] "GET /images/hud/chars.png HTTP/1.1" 200 525
::1 - - [28/Oct/2022:09:36:19 +1100] "GET /images/weapons/knife.png HTTP/1.1" 200 962
::1 - - [28/Oct/2022:09:36:19 +1100] "GET /images/weapons/machinegun.png HTTP/1.1" 200 1306
::1 - - [28/Oct/2022:09:36:19 +1100] "GET /images/weapons/pistol.png HTTP/1.1" 200 1370
::1 - - [28/Oct/2022:09:36:19 +1100] "GET /images/weapons/gatling.png HTTP/1.1" 200 2256
::1 - - [28/Oct/2022:09:36:19 +1100] "GET /images/sprites/soldier.png HTTP/1.1" 200 26444
::1 - - [28/Oct/2022:09:36:19 +1100] "GET /images/sprites/dog.png HTTP/1.1" 200 16682
::1 - - [28/Oct/2022:09:36:19 +1100] "GET /images/sprites/ss.png HTTP/1.1" 200 30751
::1 - - [28/Oct/2022:09:36:19 +1100] "GET /images/sprites/mutant.png HTTP/1.1" 200 20035
::1 - - [28/Oct/2022:09:36:19 +1100] "GET /images/sprites/officer.png HTTP/1.1" 200 27601
::1 - - [28/Oct/2022:09:36:19 +1100] "GET /images/sprites/drschabbs.png HTTP/1.1" 200 10440
::1 - - [28/Oct/2022:09:36:19 +1100] "GET /images/sprites/hans.png HTTP/1.1" 200 12930
::1 - - [28/Oct/2022:09:36:19 +1100] "GET /images/sprites/needle.png HTTP/1.1" 200 695
::1 - - [28/Oct/2022:09:36:19 +1100] "GET /images/sprites/ghost.png HTTP/1.1" 200 6245
::1 - - [28/Oct/2022:09:36:19 +1100] "GET /images/sprites/fireball.png HTTP/1.1" 200 551
::1 - - [28/Oct/2022:09:36:19 +1100] "GET /images/sprites/hitler.png HTTP/1.1" 200 22443
::1 - - [28/Oct/2022:09:36:19 +1100] "GET /images/sprites/missile.png HTTP/1.1" 200 2293
::1 - - [28/Oct/2022:09:36:19 +1100] "GET /images/sprites/giftmacher.png HTTP/1.1" 200 10951
::1 - - [28/Oct/2022:09:36:19 +1100] "GET /images/sprites/fettgesicht.png HTTP/1.1" 200 15149
::1 - - [28/Oct/2022:09:36:19 +1100] "GET /images/sprites/gretel.png HTTP/1.1" 200 14750
::1 - - [28/Oct/2022:09:36:19 +1100] "GET /images/sprites/bj.png HTTP/1.1" 200 5352
::1 - - [28/Oct/2022:09:36:19 +1100] "GET /images/sprites/pacman.png HTTP/1.1" 200 2306
::1 - - [28/Oct/2022:09:36:19 +1100] "GET /images/sprites/orb.png HTTP/1.1" 200 3722
::1 - - [28/Oct/2022:09:36:19 +1100] "GET /images/sprites/angelofdeath.png HTTP/1.1" 200 55607
::1 - - [28/Oct/2022:09:36:19 +1100] "GET /images/sprites/deathknight.png HTTP/1.1" 200 39210
::1 - - [28/Oct/2022:09:36:19 +1100] "GET /images/sprites/spectre.png HTTP/1.1" 200 16434
::1 - - [28/Oct/2022:09:36:19 +1100] "GET /images/sprites/transgrosse.png HTTP/1.1" 200 33330
::1 - - [28/Oct/2022:09:36:19 +1100] "GET /images/sprites/ubermutant.png HTTP/1.1" 200 36327
::1 - - [28/Oct/2022:09:36:19 +1100] "GET /images/sprites/himissile.png HTTP/1.1" 200 8726
::1 - - [28/Oct/2022:09:36:19 +1100] "GET /images/sprites/wilhelm.png HTTP/1.1" 200 31828
::1 - - [28/Oct/2022:09:36:20 +1100] "GET /maps/e2m1.js HTTP/1.1" 200 28718
::1 - - [28/Oct/2022:09:36:20 +1100] "GET /music/nazi_omi.mp4 HTTP/1.1" 206 323962
::1 - - [28/Oct/2022:09:36:26 +1100] "GET /sounds/sfx/donothing.mp4 HTTP/1.1" 200 3731
::1 - - [28/Oct/2022:09:36:27 +1100] "GET /sounds/atkpistol.mp4 HTTP/1.1" 200 6968
::1 - - [28/Oct/2022:09:36:45 +1100] "GET /sounds/sfx/hitwall.mp4 HTTP/1.1" 200 2663
::1 - - [28/Oct/2022:09:36:50 +1100] "GET /sounds/opendoor.mp4 HTTP/1.1" 200 17035
::1 - - [28/Oct/2022:09:36:58 +1100] "GET /sounds/closedoor.mp4 HTTP/1.1" 200 31836
::1 - - [28/Oct/2022:09:37:49 +1100] "GET /sounds/nazifire.mp4 HTTP/1.1" 200 14183
::1 - - [28/Oct/2022:09:37:54 +1100] "GET /sounds/ahhhg.mp4 HTTP/1.1" 200 12176
::1 - - [28/Oct/2022:09:37:59 +1100] "GET /sounds/sfx/bonus2.mp4 HTTP/1.1" 200 15885
::1 - - [28/Oct/2022:09:38:14 +1100] "GET /sounds/sfx/getammo.mp4 HTTP/1.1" 200 7705
::1 - - [28/Oct/2022:09:39:36 +1100] "GET /sounds/sfx/atkknife.mp4 HTTP/1.1" 200 5587
::1 - - [28/Oct/2022:09:41:13 +1100] "GET /html/gamemenu.html HTTP/1.1" 200 745
::1 - - [28/Oct/2022:09:41:18 +1100] "GET /html/savegame.html HTTP/1.1" 200 1343
::1 - - [28/Oct/2022:09:41:18 +1100] "GET /images/savegame-stripes.png HTTP/1.1" 200 82
::1 - - [28/Oct/2022:09:41:18 +1100] "GET /images/savegame.png HTTP/1.1" 200 2844
::1 - - [28/Oct/2022:09:44:30 +1100] "GET /index.php HTTP/1.1" 304 -
::1 - - [28/Oct/2022:09:45:02 +1100] "GET /index.php HTTP/1.1" 304 -
::1 - - [28/Oct/2022:09:45:42 +1100] "GET /sounds/sfx/health1.mp4 HTTP/1.1" 404 196
::1 - - [28/Oct/2022:09:45:43 +1100] "GET /sounds/sfx/health1.mp4 HTTP/1.1" 404 196
::1 - - [28/Oct/2022:09:45:43 +1100] "GET /sounds/sfx/health1.mp4 HTTP/1.1" 404 196
::1 - - [28/Oct/2022:09:45:56 +1100] "GET /sounds/leveldone.mp4 HTTP/1.1" 200 8981
::1 - - [28/Oct/2022:09:45:57 +1100] "GET /music/endlevel.mp4 HTTP/1.1" 206 104504
::1 - - [28/Oct/2022:09:45:57 +1100] "GET /images/endlevel-bj.png HTTP/1.1" 200 5072
::1 - - [28/Oct/2022:09:45:58 +1100] "GET /sounds/sfx/endbonus2.mp4 HTTP/1.1" 200 13052
::1 - - [28/Oct/2022:09:45:58 +1100] "GET /sounds/sfx/endbonus1.mp4 HTTP/1.1" 200 2410
::1 - - [28/Oct/2022:09:46:28 +1100] "GET /maps/e2m2.js HTTP/1.1" 200 27970
::1 - - [28/Oct/2022:09:46:29 +1100] "GET /music/pregnant.mp4 HTTP/1.1" 206 340737
::1 - - [28/Oct/2022:09:47:10 +1100] "GET /sounds/sfx/bonus4.mp4 HTTP/1.1" 200 15180
::1 - - [28/Oct/2022:09:48:26 +1100] "GET /sounds/pushwall.mp4 HTTP/1.1" 200 38254
::1 - - [28/Oct/2022:09:49:20 +1100] "GET /sounds/halt.mp4 HTTP/1.1" 200 10950
::1 - - [28/Oct/2022:09:49:22 +1100] "GET /sounds/deathscream6.mp4 HTTP/1.1" 200 6801
::1 - - [28/Oct/2022:09:49:45 +1100] "GET /sounds/deathscream5.mp4 HTTP/1.1" 200 8220
::1 - - [28/Oct/2022:09:49:53 +1100] "GET /sounds/sfx/playerdeath.mp4 HTTP/1.1" 200 7087
::1 - - [28/Oct/2022:09:50:18 +1100] "GET /html/detail.html HTTP/1.1" 200 2358
::1 - - [28/Oct/2022:09:50:18 +1100] "GET /images/menu-switch.png HTTP/1.1" 200 298
::1 - - [28/Oct/2022:09:50:32 +1100] "GET /html/msg.html HTTP/1.1" 200 54
::1 - - [28/Oct/2022:09:51:30 +1100] "GET /index.php HTTP/1.1" 304 -
::1 - - [28/Oct/2022:09:52:20 +1100] "GET /maps/e1m1.js HTTP/1.1" 200 25644
::1 - - [28/Oct/2022:09:52:20 +1100] "GET /music/getthem.mp4 HTTP/1.1" 206 428944
::1 - - [28/Oct/2022:09:53:38 +1100] "GET /sounds/deathscream7.mp4 HTTP/1.1" 200 11014
::1 - - [28/Oct/2022:09:55:27 +1100] "GET /sounds/sfx/health1.mp4 HTTP/1.1" 404 196
::1 - - [28/Oct/2022:09:56:07 +1100] "GET /sounds/deathscream9.mp4 HTTP/1.1" 200 11794
::1 - - [28/Oct/2022:09:56:13 +1100] "GET /sounds/sfx/getmachine.mp4 HTTP/1.1" 200 10357
::1 - - [28/Oct/2022:09:56:30 +1100] "GET /sounds/atkmachinegun.mp4 HTTP/1.1" 200 7232
::1 - - [28/Oct/2022:09:56:30 +1100] "GET /sounds/deathscream1.mp4 HTTP/1.1" 200 6068
::1 - - [28/Oct/2022:09:57:04 +1100] "GET /sounds/sfx/bonus1.mp4 HTTP/1.1" 200 8478
::1 - - [28/Oct/2022:09:58:39 +1100] "GET /sounds/sfx/bonus3.mp4 HTTP/1.1" 200 21306
::1 - - [28/Oct/2022:10:00:04 +1100] "GET /sounds/deathscream8.mp4 HTTP/1.1" 200 9057
::1 - - [28/Oct/2022:10:00:50 +1100] "GET /sounds/sfx/health2.mp4 HTTP/1.1" 404 196
::1 - - [28/Oct/2022:10:02:40 +1100] "GET /sounds/sfx/health1.mp4 HTTP/1.1" 404 196
::1 - - [28/Oct/2022:10:03:22 +1100] "GET /sounds/deathscream4.mp4 HTTP/1.1" 200 13499
::1 - - [28/Oct/2022:10:03:41 +1100] "GET /sounds/sfx/percent100.mp4 HTTP/1.1" 200 16509
::1 - - [28/Oct/2022:10:13:09 +1100] "GET /maps/e1m2.js HTTP/1.1" 200 39480
::1 - - [28/Oct/2022:10:13:10 +1100] "GET /music/searchn.mp4 HTTP/1.1" 206 360290
::1 - - [28/Oct/2022:10:30:22 +1100] "-" 408 -
::1 - - [28/Oct/2022:10:30:22 +1100] "-" 408 -
::1 - - [28/Oct/2022:10:30:23 +1100] "GET / HTTP/1.1" 200 147
::1 - - [28/Oct/2022:10:31:23 +1100] "-" 408 -
::1 - - [28/Oct/2022:16:37:00 +1100] "GET / HTTP/1.1" 200 147
::1 - - [28/Oct/2022:16:37:00 +1100] "GET /index.php HTTP/1.1" 200 1705
::1 - - [28/Oct/2022:16:37:01 +1100] "GET /css/build.css HTTP/1.1" 200 17123
::1 - - [28/Oct/2022:16:37:01 +1100] "GET /js/webkitAudioContextMonkeyPatch.js HTTP/1.1" 200 7265
::1 - - [28/Oct/2022:16:37:01 +1100] "GET /js/build.js HTTP/1.1" 200 471941
::1 - - [28/Oct/2022:16:37:01 +1100] "GET /js/a.js HTTP/1.1" 200 8578
::1 - - [28/Oct/2022:16:37:01 +1100] "GET /images/loading-intersect.png HTTP/1.1" 200 19842
::1 - - [28/Oct/2022:16:37:01 +1100] "GET /images/wolfenstein3d-logo.png HTTP/1.1" 200 2816
::1 - - [28/Oct/2022:16:37:01 +1100] "GET /images/start.png HTTP/1.1" 200 17407
::1 - - [28/Oct/2022:16:37:08 +1100] "GET /music/copypro.mp4 HTTP/1.1" 206 651274
::1 - - [28/Oct/2022:16:37:08 +1100] "GET /images/favicon.png HTTP/1.1" 200 674
::1 - - [28/Oct/2022:16:37:09 +1100] "GET /music/copypro.mp4 HTTP/1.1" 206 520202
::1 - - [28/Oct/2022:16:37:11 +1100] "GET /html/pc13.html HTTP/1.1" 200 59
::1 - - [28/Oct/2022:16:37:11 +1100] "GET /music/nazi_nor.mp4 HTTP/1.1" 206 295289
::1 - - [28/Oct/2022:16:37:11 +1100] "GET /images/pc13.png HTTP/1.1" 200 704
::1 - - [28/Oct/2022:16:37:14 +1100] "GET /music/nazi_nor.mp4 HTTP/1.1" 206 377
::1 - - [28/Oct/2022:16:37:17 +1100] "GET /html/title.html HTTP/1.1" 200 63
::1 - - [28/Oct/2022:16:37:17 +1100] "GET /images/welcome.png HTTP/1.1" 200 21972
::1 - - [28/Oct/2022:16:37:19 +1100] "GET /html/menu.html HTTP/1.1" 200 758
::1 - - [28/Oct/2022:16:37:19 +1100] "GET /images/options-stripes.png HTTP/1.1" 200 81
::1 - - [28/Oct/2022:16:37:19 +1100] "GET /images/menu-help.png HTTP/1.1" 200 367
::1 - - [28/Oct/2022:16:37:19 +1100] "GET /images/options.png HTTP/1.1" 200 1962
::1 - - [28/Oct/2022:16:37:19 +1100] "GET /music/wonderin.mp4 HTTP/1.1" 206 323040
::1 - - [28/Oct/2022:16:37:19 +1100] "GET /images/menu-cursor.png HTTP/1.1" 200 310
::1 - - [28/Oct/2022:16:37:19 +1100] "GET /sounds/sfx/movegun1.mp4 HTTP/1.1" 200 2621
::1 - - [28/Oct/2022:16:37:25 +1100] "GET /sounds/sfx/shoot.mp4 HTTP/1.1" 200 4570
::1 - - [28/Oct/2022:16:37:26 +1100] "GET /html/detail.html HTTP/1.1" 200 2358
::1 - - [28/Oct/2022:16:37:26 +1100] "GET /images/menu-switch.png HTTP/1.1" 200 298
::1 - - [28/Oct/2022:16:37:32 +1100] "GET /sounds/sfx/escpressed.mp4 HTTP/1.1" 200 4143
::1 - - [28/Oct/2022:16:37:46 +1100] "GET /html/loadgame.html HTTP/1.1" 200 1343
::1 - - [28/Oct/2022:16:37:46 +1100] "GET /images/loadgame-stripes.png HTTP/1.1" 200 82
::1 - - [28/Oct/2022:16:37:46 +1100] "GET /images/loadgame.png HTTP/1.1" 200 2997
::1 - - [28/Oct/2022:16:37:52 +1100] "GET /html/episode.html HTTP/1.1" 200 1830
::1 - - [28/Oct/2022:16:37:52 +1100] "GET /images/episode1.png HTTP/1.1" 200 448
::1 - - [28/Oct/2022:16:37:52 +1100] "GET /images/episode3.png HTTP/1.1" 200 564
::1 - - [28/Oct/2022:16:37:52 +1100] "GET /images/episode2.png HTTP/1.1" 200 571
::1 - - [28/Oct/2022:16:37:52 +1100] "GET /images/episode4.png HTTP/1.1" 200 586
::1 - - [28/Oct/2022:16:37:52 +1100] "GET /images/episode7.png HTTP/1.1" 200 4331
::1 - - [28/Oct/2022:16:37:52 +1100] "GET /images/episode6.png HTTP/1.1" 200 728
::1 - - [28/Oct/2022:16:37:52 +1100] "GET /images/episode5.png HTTP/1.1" 200 632
::1 - - [28/Oct/2022:16:38:04 +1100] "GET /html/difficulty.html HTTP/1.1" 200 502
::1 - - [28/Oct/2022:16:38:04 +1100] "GET /images/difficulty-pictures.png HTTP/1.1" 200 2232
::1 - - [28/Oct/2022:16:38:15 +1100] "GET /html/game.html HTTP/1.1" 200 2481
::1 - - [28/Oct/2022:16:38:15 +1100] "GET /images/hidden.png HTTP/1.1" 200 68
::1 - - [28/Oct/2022:16:38:15 +1100] "GET /images/game-pause.png HTTP/1.1" 200 926
::1 - - [28/Oct/2022:16:38:15 +1100] "GET /images/sprites/items.png HTTP/1.1" 200 25540
::1 - - [28/Oct/2022:16:38:15 +1100] "GET /images/hud/weapons.png HTTP/1.1" 200 487
::1 - - [28/Oct/2022:16:38:15 +1100] "GET /images/sprites/sod-items.png HTTP/1.1" 200 63465
::1 - - [28/Oct/2022:16:38:15 +1100] "GET /images/walls/walls.png HTTP/1.1" 200 399276
::1 - - [28/Oct/2022:16:38:15 +1100] "GET /images/hud/keys.png HTTP/1.1" 200 410
::1 - - [28/Oct/2022:16:38:15 +1100] "GET /images/hud/faces.png HTTP/1.1" 200 6844
::1 - - [28/Oct/2022:16:38:15 +1100] "GET /images/hud/chars.png HTTP/1.1" 200 525
::1 - - [28/Oct/2022:16:38:15 +1100] "GET /images/weapons/pistol.png HTTP/1.1" 200 1370
::1 - - [28/Oct/2022:16:38:15 +1100] "GET /images/weapons/machinegun.png HTTP/1.1" 200 1306
::1 - - [28/Oct/2022:16:38:15 +1100] "GET /images/weapons/knife.png HTTP/1.1" 200 962
::1 - - [28/Oct/2022:16:38:15 +1100] "GET /images/weapons/gatling.png HTTP/1.1" 200 2256
::1 - - [28/Oct/2022:16:38:15 +1100] "GET /images/sprites/soldier.png HTTP/1.1" 200 26444
::1 - - [28/Oct/2022:16:38:15 +1100] "GET /images/sprites/dog.png HTTP/1.1" 200 16682
::1 - - [28/Oct/2022:16:38:15 +1100] "GET /images/sprites/hans.png HTTP/1.1" 200 12930
::1 - - [28/Oct/2022:16:38:15 +1100] "GET /images/sprites/mutant.png HTTP/1.1" 200 20035
::1 - - [28/Oct/2022:16:38:15 +1100] "GET /images/sprites/ss.png HTTP/1.1" 200 30751
::1 - - [28/Oct/2022:16:38:15 +1100] "GET /images/sprites/officer.png HTTP/1.1" 200 27601
::1 - - [28/Oct/2022:16:38:15 +1100] "GET /images/sprites/drschabbs.png HTTP/1.1" 200 10440
::1 - - [28/Oct/2022:16:38:15 +1100] "GET /images/sprites/needle.png HTTP/1.1" 200 695
::1 - - [28/Oct/2022:16:38:15 +1100] "GET /images/sprites/fireball.png HTTP/1.1" 200 551
::1 - - [28/Oct/2022:16:38:15 +1100] "GET /images/sprites/ghost.png HTTP/1.1" 200 6245
::1 - - [28/Oct/2022:16:38:15 +1100] "GET /images/sprites/hitler.png HTTP/1.1" 200 22443
::1 - - [28/Oct/2022:16:38:15 +1100] "GET /images/sprites/giftmacher.png HTTP/1.1" 200 10951
::1 - - [28/Oct/2022:16:38:15 +1100] "GET /images/sprites/missile.png HTTP/1.1" 200 2293
::1 - - [28/Oct/2022:16:38:15 +1100] "GET /images/sprites/fettgesicht.png HTTP/1.1" 200 15149
::1 - - [28/Oct/2022:16:38:15 +1100] "GET /images/sprites/gretel.png HTTP/1.1" 200 14750
::1 - - [28/Oct/2022:16:38:15 +1100] "GET /images/sprites/bj.png HTTP/1.1" 200 5352
::1 - - [28/Oct/2022:16:38:15 +1100] "GET /images/sprites/pacman.png HTTP/1.1" 200 2306
::1 - - [28/Oct/2022:16:38:15 +1100] "GET /images/sprites/angelofdeath.png HTTP/1.1" 200 55607
::1 - - [28/Oct/2022:16:38:15 +1100] "GET /images/sprites/deathknight.png HTTP/1.1" 200 39210
::1 - - [28/Oct/2022:16:38:15 +1100] "GET /images/sprites/orb.png HTTP/1.1" 200 3722
::1 - - [28/Oct/2022:16:38:15 +1100] "GET /images/sprites/himissile.png HTTP/1.1" 200 8726
::1 - - [28/Oct/2022:16:38:15 +1100] "GET /images/sprites/transgrosse.png HTTP/1.1" 200 33330
::1 - - [28/Oct/2022:16:38:15 +1100] "GET /images/sprites/spectre.png HTTP/1.1" 200 16434
::1 - - [28/Oct/2022:16:38:15 +1100] "GET /images/sprites/wilhelm.png HTTP/1.1" 200 31828
::1 - - [28/Oct/2022:16:38:15 +1100] "GET /images/sprites/ubermutant.png HTTP/1.1" 200 36327
::1 - - [28/Oct/2022:16:38:15 +1100] "GET /images/hud/hud.png HTTP/1.1" 200 2604
::1 - - [28/Oct/2022:16:38:17 +1100] "GET /maps/e7m1.js HTTP/1.1" 200 28291
::1 - - [28/Oct/2022:16:38:17 +1100] "GET /music/xtiptoe.mp4 HTTP/1.1" 206 1082851
::1 - - [28/Oct/2022:16:38:30 +1100] "GET /sounds/sfx/hitwall.mp4 HTTP/1.1" 200 2663
::1 - - [28/Oct/2022:16:38:46 +1100] "GET /sounds/opendoor.mp4 HTTP/1.1" 200 17035
::1 - - [28/Oct/2022:16:38:46 +1100] "GET /sounds/halt.mp4 HTTP/1.1" 200 10950
::1 - - [28/Oct/2022:16:38:47 +1100] "GET /sounds/nazifire.mp4 HTTP/1.1" 200 14183
::1 - - [28/Oct/2022:16:38:47 +1100] "GET /sounds/atkpistol.mp4 HTTP/1.1" 200 6968
::1 - - [28/Oct/2022:16:38:50 +1100] "GET /sounds/closedoor.mp4 HTTP/1.1" 200 31836
::1 - - [28/Oct/2022:16:38:53 +1100] "GET /sounds/deathscream4.mp4 HTTP/1.1" 200 13499
::1 - - [28/Oct/2022:16:39:03 +1100] "GET /sounds/sfx/getammo.mp4 HTTP/1.1" 200 7705
::1 - - [28/Oct/2022:16:39:44 +1100] "GET /sounds/pushwall.mp4 HTTP/1.1" 200 38254
::1 - - [28/Oct/2022:16:39:49 +1100] "GET /sounds/sfx/bonus3.mp4 HTTP/1.1" 200 21306
::1 - - [28/Oct/2022:16:40:14 +1100] "GET /sounds/sfx/atkknife.mp4 HTTP/1.1" 200 5587
::1 - - [28/Oct/2022:16:40:16 +1100] "GET /sounds/deathscream1.mp4 HTTP/1.1" 200 6068
::1 - - [28/Oct/2022:16:40:46 +1100] "GET /sounds/sfx/donothing.mp4 HTTP/1.1" 200 3731
::1 - - [28/Oct/2022:16:40:56 +1100] "GET /sounds/sfx/health2.mp4 HTTP/1.1" 404 196
::1 - - [28/Oct/2022:16:40:57 +1100] "GET /sounds/sfx/bonus4.mp4 HTTP/1.1" 200 15180
::1 - - [28/Oct/2022:16:41:04 +1100] "GET /sounds/sfx/health1.mp4 HTTP/1.1" 404 196
::1 - - [28/Oct/2022:16:41:05 +1100] "GET /sounds/sfx/health1.mp4 HTTP/1.1" 404 196
::1 - - [28/Oct/2022:16:41:13 +1100] "GET /sounds/sfx/bonus1.mp4 HTTP/1.1" 200 8478
::1 - - [28/Oct/2022:16:41:14 +1100] "GET /sounds/sfx/bonus2.mp4 HTTP/1.1" 200 15885
::1 - - [28/Oct/2022:16:41:51 +1100] "GET /sounds/schutzad.mp4 HTTP/1.1" 200 8440
::1 - - [28/Oct/2022:16:41:58 +1100] "GET /sounds/ssfire.mp4 HTTP/1.1" 200 10546
::1 - - [28/Oct/2022:16:42:00 +1100] "GET /sounds/sfx/playerdeath.mp4 HTTP/1.1" 200 7087
::1 - - [28/Oct/2022:16:42:09 +1100] "GET /html/gamemenu.html HTTP/1.1" 200 745
::1 - - [28/Oct/2022:16:42:09 +1100] "GET /music/wonderin.mp4 HTTP/1.1" 206 323040
::1 - - [28/Oct/2022:16:42:15 +1100] "GET /html/msg.html HTTP/1.1" 200 54
::1 - - [28/Oct/2022:16:42:19 +1100] "GET /index.php HTTP/1.1" 304 -
::1 - - [28/Oct/2022:16:42:26 +1100] "GET /music/copypro.mp4 HTTP/1.1" 206 131072
::1 - - [28/Oct/2022:16:42:26 +1100] "GET /music/copypro.mp4 HTTP/1.1" 206 10
::1 - - [28/Oct/2022:16:42:27 +1100] "GET /music/nazi_nor.mp4 HTTP/1.1" 206 294912
::1 - - [28/Oct/2022:16:42:27 +1100] "GET /music/nazi_nor.mp4 HTTP/1.1" 206 377
::1 - - [28/Oct/2022:16:42:47 +1100] "GET /maps/e2m1.js HTTP/1.1" 200 28718
::1 - - [28/Oct/2022:16:42:47 +1100] "GET /music/nazi_omi.mp4 HTTP/1.1" 206 323962
::1 - - [28/Oct/2022:16:43:41 +1100] "GET /index.php HTTP/1.1" 304 -
::1 - - [28/Oct/2022:16:43:48 +1100] "GET /music/copypro.mp4 HTTP/1.1" 206 10
::1 - - [28/Oct/2022:16:44:12 +1100] "GET /maps/e3m1.js HTTP/1.1" 200 27247
::1 - - [28/Oct/2022:16:44:12 +1100] "GET /music/introcw3.mp4 HTTP/1.1" 206 411111
::1 - - [28/Oct/2022:16:45:32 +1100] "GET /sounds/deathscream6.mp4 HTTP/1.1" 200 6801
::1 - - [28/Oct/2022:16:46:08 +1100] "GET /sounds/sfx/health2.mp4 HTTP/1.1" 404 196
::1 - - [28/Oct/2022:16:47:23 +1100] "GET /sounds/deathscream8.mp4 HTTP/1.1" 200 9057
::1 - - [28/Oct/2022:16:47:34 +1100] "GET /sounds/sfx/getkey.mp4 HTTP/1.1" 200 8101
::1 - - [28/Oct/2022:16:47:50 +1100] "GET /sounds/spion.mp4 HTTP/1.1" 200 10994
::1 - - [28/Oct/2022:16:47:55 +1100] "GET /sounds/deathscream5.mp4 HTTP/1.1" 200 8220
::1 - - [28/Oct/2022:16:48:03 +1100] "GET /sounds/neinsovass.mp4 HTTP/1.1" 200 14361
::1 - - [28/Oct/2022:16:48:39 +1100] "GET /sounds/leveldone.mp4 HTTP/1.1" 200 8981
::1 - - [28/Oct/2022:16:48:40 +1100] "GET /images/endlevel-bj.png HTTP/1.1" 200 5072
::1 - - [28/Oct/2022:16:48:40 +1100] "GET /music/endlevel.mp4 HTTP/1.1" 206 104504
::1 - - [28/Oct/2022:16:48:41 +1100] "GET /sounds/sfx/endbonus1.mp4 HTTP/1.1" 200 2410
::1 - - [28/Oct/2022:16:48:41 +1100] "GET /sounds/sfx/endbonus2.mp4 HTTP/1.1" 200 13052
::1 - - [28/Oct/2022:16:48:43 +1100] "GET /sounds/sfx/percent100.mp4 HTTP/1.1" 200 16509
::1 - - [28/Oct/2022:16:48:49 +1100] "GET /maps/e3m2.js HTTP/1.1" 200 30106
::1 - - [28/Oct/2022:16:48:51 +1100] "GET /music/nazi_rap.mp4 HTTP/1.1" 206 458906
::1 - - [28/Oct/2022:16:49:49 +1100] "GET /sounds/deathscream9.mp4 HTTP/1.1" 200 11794
::1 - - [28/Oct/2022:16:49:57 +1100] "GET /sounds/deathscream7.mp4 HTTP/1.1" 200 11014
::1 - - [28/Oct/2022:16:52:09 +1100] "GET /sounds/sfx/health1.mp4 HTTP/1.1" 404 196
::1 - - [28/Oct/2022:16:52:09 +1100] "GET /sounds/sfx/health1.mp4 HTTP/1.1" 404 196
::1 - - [28/Oct/2022:16:52:54 +1100] "GET /sounds/dogbark.mp4 HTTP/1.1" 200 7702
::1 - - [28/Oct/2022:16:52:55 +1100] "GET /sounds/dogdeath.mp4 HTTP/1.1" 200 6623
::1 - - [28/Oct/2022:16:53:01 +1100] "GET /sounds/sfx/health1.mp4 HTTP/1.1" 404 196
::1 - - [28/Oct/2022:16:53:03 +1100] "GET /sounds/sfx/health1.mp4 HTTP/1.1" 404 196
::1 - - [28/Oct/2022:16:53:49 +1100] "GET /sounds/sfx/health1.mp4 HTTP/1.1" 404 196
::1 - - [28/Oct/2022:16:53:49 +1100] "GET /sounds/sfx/health1.mp4 HTTP/1.1" 404 196
::1 - - [28/Oct/2022:16:54:01 +1100] "GET /sounds/sfx/bonus1up.mp4 HTTP/1.1" 200 10819
::1 - - [28/Oct/2022:16:56:19 +1100] "GET /music/endlevel.mp4 HTTP/1.1" 206 104504
::1 - - [28/Oct/2022:16:56:29 +1100] "GET /maps/e3m3.js HTTP/1.1" 200 29890
::1 - - [28/Oct/2022:16:56:30 +1100] "GET /music/twelfth.mp4 HTTP/1.1" 206 579690
::1 - - [28/Oct/2022:16:57:53 +1100] "GET /sounds/deathscream2.mp4 HTTP/1.1" 200 7080
::1 - - [28/Oct/2022:16:58:34 +1100] "GET /sounds/sfx/health1.mp4 HTTP/1.1" 404 196
::1 - - [28/Oct/2022:16:58:35 +1100] "GET /sounds/sfx/health1.mp4 HTTP/1.1" 404 196
::1 - - [28/Oct/2022:16:58:36 +1100] "GET /sounds/sfx/health1.mp4 HTTP/1.1" 404 196
::1 - - [28/Oct/2022:16:59:09 +1100] "GET /html/savegame.html HTTP/1.1" 200 1343
::1 - - [28/Oct/2022:16:59:09 +1100] "GET /images/savegame.png HTTP/1.1" 200 2844
::1 - - [28/Oct/2022:16:59:09 +1100] "GET /images/savegame-stripes.png HTTP/1.1" 200 82
::1 - - [30/Oct/2022:12:20:12 +1100] "GET / HTTP/1.1" 200 147
::1 - - [30/Oct/2022:12:20:13 +1100] "GET /index.php HTTP/1.1" 200 1705
::1 - - [30/Oct/2022:12:20:13 +1100] "GET /css/build.css HTTP/1.1" 200 17123
::1 - - [30/Oct/2022:12:20:13 +1100] "GET /js/webkitAudioContextMonkeyPatch.js HTTP/1.1" 200 7265
::1 - - [30/Oct/2022:12:20:13 +1100] "GET /js/build.js HTTP/1.1" 200 471941
::1 - - [30/Oct/2022:12:20:13 +1100] "GET /js/a.js HTTP/1.1" 200 8578
::1 - - [30/Oct/2022:12:20:13 +1100] "GET /images/loading-intersect.png HTTP/1.1" 200 19842
::1 - - [30/Oct/2022:12:20:13 +1100] "GET /images/wolfenstein3d-logo.png HTTP/1.1" 200 2816
::1 - - [30/Oct/2022:12:20:13 +1100] "GET /images/start.png HTTP/1.1" 200 17407
::1 - - [30/Oct/2022:12:20:20 +1100] "GET /music/copypro.mp4 HTTP/1.1" 206 651274
::1 - - [30/Oct/2022:12:20:20 +1100] "GET /html/pc13.html HTTP/1.1" 200 59
::1 - - [30/Oct/2022:12:20:20 +1100] "GET /music/nazi_nor.mp4 HTTP/1.1" 206 295289
::1 - - [30/Oct/2022:12:20:20 +1100] "GET /images/pc13.png HTTP/1.1" 200 704
::1 - - [30/Oct/2022:12:20:21 +1100] "GET /images/favicon.png HTTP/1.1" 200 674
::1 - - [30/Oct/2022:12:20:26 +1100] "GET /html/title.html HTTP/1.1" 200 63
::1 - - [30/Oct/2022:12:20:26 +1100] "GET /images/welcome.png HTTP/1.1" 200 21972
::1 - - [30/Oct/2022:12:20:28 +1100] "GET /html/menu.html HTTP/1.1" 200 758
::1 - - [30/Oct/2022:12:20:28 +1100] "GET /images/options.png HTTP/1.1" 200 1962
::1 - - [30/Oct/2022:12:20:28 +1100] "GET /images/options-stripes.png HTTP/1.1" 200 81
::1 - - [30/Oct/2022:12:20:28 +1100] "GET /images/menu-help.png HTTP/1.1" 200 367
::1 - - [30/Oct/2022:12:20:28 +1100] "GET /images/menu-cursor.png HTTP/1.1" 200 310
::1 - - [30/Oct/2022:12:20:28 +1100] "GET /music/wonderin.mp4 HTTP/1.1" 206 323040
::1 - - [30/Oct/2022:12:20:29 +1100] "GET /sounds/sfx/movegun1.mp4 HTTP/1.1" 200 2621
::1 - - [30/Oct/2022:12:20:31 +1100] "GET /html/credits.html HTTP/1.1" 200 142
::1 - - [30/Oct/2022:12:20:31 +1100] "GET /images/credits-stripes.png HTTP/1.1" 200 92
::1 - - [30/Oct/2022:12:20:31 +1100] "GET /images/credits.png HTTP/1.1" 200 3384
::1 - - [30/Oct/2022:12:20:35 +1100] "GET /sounds/sfx/shoot.mp4 HTTP/1.1" 200 4570
::1 - - [30/Oct/2022:12:20:36 +1100] "GET /html/episode.html HTTP/1.1" 200 1830
::1 - - [30/Oct/2022:12:20:36 +1100] "GET /images/episode1.png HTTP/1.1" 200 448
::1 - - [30/Oct/2022:12:20:36 +1100] "GET /images/episode2.png HTTP/1.1" 200 571
::1 - - [30/Oct/2022:12:20:36 +1100] "GET /images/episode3.png HTTP/1.1" 200 564
::1 - - [30/Oct/2022:12:20:36 +1100] "GET /images/episode4.png HTTP/1.1" 200 586
::1 - - [30/Oct/2022:12:20:36 +1100] "GET /images/episode5.png HTTP/1.1" 200 632
::1 - - [30/Oct/2022:12:20:36 +1100] "GET /images/episode7.png HTTP/1.1" 200 4331
::1 - - [30/Oct/2022:12:20:36 +1100] "GET /images/episode6.png HTTP/1.1" 200 728
::1 - - [30/Oct/2022:12:20:54 +1100] "GET /html/difficulty.html HTTP/1.1" 200 502
::1 - - [30/Oct/2022:12:20:54 +1100] "GET /images/difficulty-pictures.png HTTP/1.1" 200 2232
::1 - - [30/Oct/2022:12:20:57 +1100] "GET /html/game.html HTTP/1.1" 200 2481
::1 - - [30/Oct/2022:12:20:57 +1100] "GET /images/game-pause.png HTTP/1.1" 200 926
::1 - - [30/Oct/2022:12:20:57 +1100] "GET /images/hidden.png HTTP/1.1" 200 68
::1 - - [30/Oct/2022:12:20:57 +1100] "GET /images/hud/hud.png HTTP/1.1" 200 2604
::1 - - [30/Oct/2022:12:20:57 +1100] "GET /images/sprites/items.png HTTP/1.1" 200 25540
::1 - - [30/Oct/2022:12:20:57 +1100] "GET /images/sprites/sod-items.png HTTP/1.1" 200 63465
::1 - - [30/Oct/2022:12:20:57 +1100] "GET /images/hud/weapons.png HTTP/1.1" 200 487
::1 - - [30/Oct/2022:12:20:57 +1100] "GET /images/walls/walls.png HTTP/1.1" 200 399276
::1 - - [30/Oct/2022:12:20:57 +1100] "GET /images/hud/faces.png HTTP/1.1" 200 6844
::1 - - [30/Oct/2022:12:20:57 +1100] "GET /images/hud/keys.png HTTP/1.1" 200 410
::1 - - [30/Oct/2022:12:20:57 +1100] "GET /images/hud/chars.png HTTP/1.1" 200 525
::1 - - [30/Oct/2022:12:20:57 +1100] "GET /images/weapons/knife.png HTTP/1.1" 200 962
::1 - - [30/Oct/2022:12:20:57 +1100] "GET /images/weapons/machinegun.png HTTP/1.1" 200 1306
::1 - - [30/Oct/2022:12:20:57 +1100] "GET /images/weapons/pistol.png HTTP/1.1" 200 1370
::1 - - [30/Oct/2022:12:20:57 +1100] "GET /images/weapons/gatling.png HTTP/1.1" 200 2256
::1 - - [30/Oct/2022:12:20:57 +1100] "GET /images/sprites/soldier.png HTTP/1.1" 200 26444
::1 - - [30/Oct/2022:12:20:57 +1100] "GET /images/sprites/dog.png HTTP/1.1" 200 16682
::1 - - [30/Oct/2022:12:20:57 +1100] "GET /images/sprites/ss.png HTTP/1.1" 200 30751
::1 - - [30/Oct/2022:12:20:57 +1100] "GET /images/sprites/mutant.png HTTP/1.1" 200 20035
::1 - - [30/Oct/2022:12:20:57 +1100] "GET /images/sprites/officer.png HTTP/1.1" 200 27601
::1 - - [30/Oct/2022:12:20:57 +1100] "GET /images/sprites/hans.png HTTP/1.1" 200 12930
::1 - - [30/Oct/2022:12:20:57 +1100] "GET /images/sprites/drschabbs.png HTTP/1.1" 200 10440
::1 - - [30/Oct/2022:12:20:57 +1100] "GET /images/sprites/needle.png HTTP/1.1" 200 695
::1 - - [30/Oct/2022:12:20:57 +1100] "GET /images/sprites/ghost.png HTTP/1.1" 200 6245
::1 - - [30/Oct/2022:12:20:57 +1100] "GET /images/sprites/fireball.png HTTP/1.1" 200 551
::1 - - [30/Oct/2022:12:20:57 +1100] "GET /images/sprites/hitler.png HTTP/1.1" 200 22443
::1 - - [30/Oct/2022:12:20:57 +1100] "GET /images/sprites/giftmacher.png HTTP/1.1" 200 10951
::1 - - [30/Oct/2022:12:20:57 +1100] "GET /images/sprites/missile.png HTTP/1.1" 200 2293
::1 - - [30/Oct/2022:12:20:57 +1100] "GET /images/sprites/gretel.png HTTP/1.1" 200 14750
::1 - - [30/Oct/2022:12:20:57 +1100] "GET /images/sprites/fettgesicht.png HTTP/1.1" 200 15149
::1 - - [30/Oct/2022:12:20:57 +1100] "GET /images/sprites/bj.png HTTP/1.1" 200 5352
::1 - - [30/Oct/2022:12:20:57 +1100] "GET /images/sprites/pacman.png HTTP/1.1" 200 2306
::1 - - [30/Oct/2022:12:20:57 +1100] "GET /images/sprites/angelofdeath.png HTTP/1.1" 200 55607
::1 - - [30/Oct/2022:12:20:57 +1100] "GET /images/sprites/deathknight.png HTTP/1.1" 200 39210
::1 - - [30/Oct/2022:12:20:57 +1100] "GET /images/sprites/orb.png HTTP/1.1" 200 3722
::1 - - [30/Oct/2022:12:20:57 +1100] "GET /images/sprites/himissile.png HTTP/1.1" 200 8726
::1 - - [30/Oct/2022:12:20:57 +1100] "GET /images/sprites/spectre.png HTTP/1.1" 200 16434
::1 - - [30/Oct/2022:12:20:57 +1100] "GET /images/sprites/transgrosse.png HTTP/1.1" 200 33330
::1 - - [30/Oct/2022:12:20:57 +1100] "GET /images/sprites/ubermutant.png HTTP/1.1" 200 36327
::1 - - [30/Oct/2022:12:20:57 +1100] "GET /images/sprites/wilhelm.png HTTP/1.1" 200 31828
::1 - - [30/Oct/2022:12:20:58 +1100] "GET /maps/e3m1.js HTTP/1.1" 200 27247
::1 - - [30/Oct/2022:12:20:58 +1100] "GET /music/introcw3.mp4 HTTP/1.1" 206 411111
::1 - - [30/Oct/2022:12:21:04 +1100] "GET /sounds/sfx/donothing.mp4 HTTP/1.1" 200 3731
::1 - - [30/Oct/2022:12:21:07 +1100] "GET /sounds/sfx/hitwall.mp4 HTTP/1.1" 200 2663
::1 - - [30/Oct/2022:12:21:11 +1100] "GET /sounds/opendoor.mp4 HTTP/1.1" 200 17035
::1 - - [30/Oct/2022:12:21:16 +1100] "GET /sounds/closedoor.mp4 HTTP/1.1" 200 31836
::1 - - [30/Oct/2022:12:21:17 +1100] "GET /sounds/halt.mp4 HTTP/1.1" 200 10950
::1 - - [30/Oct/2022:12:21:18 +1100] "GET /sounds/nazifire.mp4 HTTP/1.1" 200 14183
::1 - - [30/Oct/2022:12:21:18 +1100] "GET /sounds/atkpistol.mp4 HTTP/1.1" 200 6968
::1 - - [30/Oct/2022:12:21:22 +1100] "GET /sounds/deathscream2.mp4 HTTP/1.1" 200 7080
::1 - - [30/Oct/2022:12:21:27 +1100] "GET /sounds/sfx/getammo.mp4 HTTP/1.1" 200 7705
::1 - - [30/Oct/2022:12:21:35 +1100] "GET /sounds/sfx/bonus2.mp4 HTTP/1.1" 200 15885
::1 - - [30/Oct/2022:12:21:53 +1100] "GET /html/msg.html HTTP/1.1" 200 54
::1 - - [30/Oct/2022:12:22:18 +1100] "GET /sounds/sfx/escpressed.mp4 HTTP/1.1" 200 4143
::1 - - [30/Oct/2022:12:22:40 +1100] "GET /sounds/atkgatling.mp4 HTTP/1.1" 200 8218
::1 - - [30/Oct/2022:12:22:40 +1100] "GET /sounds/deathscream4.mp4 HTTP/1.1" 200 13499
::1 - - [30/Oct/2022:12:22:44 +1100] "GET /sounds/sfx/bonus1.mp4 HTTP/1.1" 200 8478
::1 - - [30/Oct/2022:12:23:02 +1100] "GET /sounds/spion.mp4 HTTP/1.1" 200 10994
::1 - - [30/Oct/2022:12:23:04 +1100] "GET /sounds/neinsovass.mp4 HTTP/1.1" 200 14361
::1 - - [30/Oct/2022:12:23:05 +1100] "GET /sounds/deathscream1.mp4 HTTP/1.1" 200 6068
::1 - - [30/Oct/2022:12:23:12 +1100] "GET /sounds/sfx/bonus3.mp4 HTTP/1.1" 200 21306
::1 - - [30/Oct/2022:12:23:29 +1100] "GET /html/gamemenu.html HTTP/1.1" 200 745
::1 - - [30/Oct/2022:15:39:42 +1100] "GET /html/loadgame.html HTTP/1.1" 200 1343
::1 - - [30/Oct/2022:15:39:42 +1100] "GET /images/loadgame.png HTTP/1.1" 200 2997
::1 - - [30/Oct/2022:15:39:42 +1100] "GET /images/loadgame-stripes.png HTTP/1.1" 200 82
::1 - - [30/Oct/2022:15:39:45 +1100] "GET /maps/e3m3.js HTTP/1.1" 200 29890
::1 - - [30/Oct/2022:15:39:45 +1100] "GET /music/twelfth.mp4 HTTP/1.1" 206 579690
::1 - - [30/Oct/2022:15:40:57 +1100] "GET /sounds/deathscream8.mp4 HTTP/1.1" 200 9057
::1 - - [30/Oct/2022:15:41:50 +1100] "GET /sounds/sfx/health1.mp4 HTTP/1.1" 404 196
::1 - - [30/Oct/2022:15:44:19 +1100] "GET /sounds/deathscream7.mp4 HTTP/1.1" 200 11014
::1 - - [30/Oct/2022:15:44:38 +1100] "GET /sounds/schutzad.mp4 HTTP/1.1" 200 8440
::1 - - [30/Oct/2022:15:44:39 +1100] "GET /sounds/ssfire.mp4 HTTP/1.1" 200 10546
::1 - - [30/Oct/2022:15:44:47 +1100] "GET /sounds/leben.mp4 HTTP/1.1" 200 10625
::1 - - [30/Oct/2022:15:44:52 +1100] "GET /sounds/sfx/getmachine.mp4 HTTP/1.1" 200 10357
::1 - - [30/Oct/2022:15:44:53 +1100] "GET /sounds/sfx/health2.mp4 HTTP/1.1" 404 196
::1 - - [30/Oct/2022:15:44:58 +1100] "GET /sounds/sfx/getkey.mp4 HTTP/1.1" 200 8101
::1 - - [30/Oct/2022:15:45:34 +1100] "GET /sounds/atkmachinegun.mp4 HTTP/1.1" 200 7232
::1 - - [30/Oct/2022:15:46:15 +1100] "GET /sounds/leveldone.mp4 HTTP/1.1" 200 8981
::1 - - [30/Oct/2022:15:46:16 +1100] "GET /music/endlevel.mp4 HTTP/1.1" 206 104504
::1 - - [30/Oct/2022:15:46:16 +1100] "GET /images/endlevel-bj.png HTTP/1.1" 200 5072
::1 - - [30/Oct/2022:15:46:17 +1100] "GET /sounds/sfx/endbonus2.mp4 HTTP/1.1" 200 13052
::1 - - [30/Oct/2022:15:46:17 +1100] "GET /sounds/sfx/endbonus1.mp4 HTTP/1.1" 200 2410
::1 - - [30/Oct/2022:15:46:19 +1100] "GET /sounds/sfx/percent100.mp4 HTTP/1.1" 200 16509
::1 - - [30/Oct/2022:15:46:22 +1100] "GET /sounds/sfx/bonus1up.mp4 HTTP/1.1" 200 10819
::1 - - [30/Oct/2022:15:46:25 +1100] "GET /maps/e3m4.js HTTP/1.1" 200 31563
::1 - - [30/Oct/2022:15:46:26 +1100] "GET /music/zerohour.mp4 HTTP/1.1" 206 419940
::1 - - [30/Oct/2022:15:46:50 +1100] "GET /sounds/deathscream5.mp4 HTTP/1.1" 200 8220
::1 - - [30/Oct/2022:15:48:02 +1100] "GET /sounds/deathscream9.mp4 HTTP/1.1" 200 11794
::1 - - [30/Oct/2022:15:49:16 +1100] "GET /sounds/sfx/health1.mp4 HTTP/1.1" 404 196
::1 - - [30/Oct/2022:15:49:16 +1100] "GET /sounds/sfx/health1.mp4 HTTP/1.1" 404 196
::1 - - [30/Oct/2022:15:50:04 +1100] "GET /sounds/dogbark.mp4 HTTP/1.1" 200 7702
::1 - - [30/Oct/2022:15:50:05 +1100] "GET /sounds/dogdeath.mp4 HTTP/1.1" 200 6623
::1 - - [30/Oct/2022:15:51:26 +1100] "GET /sounds/sfx/health1.mp4 HTTP/1.1" 404 196
::1 - - [30/Oct/2022:15:51:31 +1100] "GET /sounds/sfx/health1.mp4 HTTP/1.1" 404 196
::1 - - [30/Oct/2022:15:53:20 +1100] "GET /sounds/pushwall.mp4 HTTP/1.1" 200 38254
::1 - - [30/Oct/2022:15:53:31 +1100] "GET /sounds/sfx/movegun2.mp4 HTTP/1.1" 200 3060
::1 - - [30/Oct/2022:15:53:33 +1100] "GET /html/savegame.html HTTP/1.1" 200 1343
::1 - - [30/Oct/2022:15:53:33 +1100] "GET /images/savegame-stripes.png HTTP/1.1" 200 82
::1 - - [30/Oct/2022:15:53:33 +1100] "GET /images/savegame.png HTTP/1.1" 200 2844
::1 - - [30/Oct/2022:15:55:28 +1100] "GET /maps/e3m5.js HTTP/1.1" 200 31153
::1 - - [30/Oct/2022:15:56:42 +1100] "GET /sounds/sfx/health2.mp4 HTTP/1.1" 404 196
172.31.112.1 - - [30/Oct/2022:16:26:29 +1100] "GET / HTTP/1.1" 200 147
::1 - - [30/Oct/2022:16:49:07 +1100] "GET /html/highscores.html HTTP/1.1" 200 2323
::1 - - [30/Oct/2022:16:49:07 +1100] "GET /images/highscores.png HTTP/1.1" 200 2925
::1 - - [30/Oct/2022:16:49:07 +1100] "GET /images/highscores-level.png HTTP/1.1" 200 166
::1 - - [30/Oct/2022:16:49:07 +1100] "GET /images/highscores-stripes.png HTTP/1.1" 200 81
::1 - - [30/Oct/2022:16:49:07 +1100] "GET /images/highscores-name.png HTTP/1.1" 200 164
::1 - - [30/Oct/2022:16:49:07 +1100] "GET /images/highscores-score.png HTTP/1.1" 200 173
::1 - - [30/Oct/2022:16:51:31 +1100] "GET /music/roster.mp4 HTTP/1.1" 206 93191
::1 - - [30/Oct/2022:16:52:01 +1100] "GET /html/customize.html HTTP/1.1" 200 3458
::1 - - [30/Oct/2022:16:52:01 +1100] "GET /images/customize.png HTTP/1.1" 200 2508
::1 - - [30/Oct/2022:16:52:01 +1100] "GET /images/customize-stripes.png HTTP/1.1" 200 82
::1 - - [30/Oct/2022:16:53:43 +1100] "GET /maps/e6m1.js HTTP/1.1" 200 36405
::1 - - [30/Oct/2022:16:54:32 +1100] "GET /sounds/sfx/health2.mp4 HTTP/1.1" 404 196
::1 - - [30/Oct/2022:16:54:49 +1100] "GET /sounds/sfx/health1.mp4 HTTP/1.1" 404 196
::1 - - [30/Oct/2022:16:55:14 +1100] "GET /sounds/sfx/health1.mp4 HTTP/1.1" 404 196
::1 - - [30/Oct/2022:16:58:43 +1100] "GET /sounds/sfx/health1.mp4 HTTP/1.1" 404 196
::1 - - [30/Oct/2022:16:59:02 +1100] "GET /sounds/sfx/health1.mp4 HTTP/1.1" 404 196
::1 - - [30/Oct/2022:16:59:23 +1100] "GET /sounds/sfx/health2.mp4 HTTP/1.1" 404 196
::1 - - [30/Oct/2022:16:59:54 +1100] "GET /sounds/sfx/health1.mp4 HTTP/1.1" 404 196
::1 - - [30/Oct/2022:17:00:15 +1100] "GET /sounds/sfx/health1.mp4 HTTP/1.1" 404 196
::1 - - [30/Oct/2022:17:00:50 +1100] "GET /sounds/sfx/health1.mp4 HTTP/1.1" 404 196
::1 - - [30/Oct/2022:17:01:16 +1100] "GET /sounds/sfx/health2.mp4 HTTP/1.1" 404 196
::1 - - [30/Oct/2022:17:01:30 +1100] "GET /sounds/sfx/health1.mp4 HTTP/1.1" 404 196
::1 - - [30/Oct/2022:17:02:27 +1100] "GET /html/detail.html HTTP/1.1" 200 2358
::1 - - [30/Oct/2022:17:02:27 +1100] "GET /images/menu-switch.png HTTP/1.1" 200 298
::1 - - [30/Oct/2022:17:06:10 +1100] "GET /sounds/deathscream6.mp4 HTTP/1.1" 200 6801
::1 - - [30/Oct/2022:17:08:27 +1100] "GET /sounds/sfx/health2.mp4 HTTP/1.1" 404 196
::1 - - [30/Oct/2022:17:09:31 +1100] "GET /maps/e6m2.js HTTP/1.1" 200 37024
::1 - - [30/Oct/2022:17:09:32 +1100] "GET /music/nazi_rap.mp4 HTTP/1.1" 206 458906
::1 - - [30/Oct/2022:17:10:12 +1100] "GET /sounds/sfx/health2.mp4 HTTP/1.1" 404 196
::1 - - [30/Oct/2022:17:10:30 +1100] "GET /sounds/sfx/health1.mp4 HTTP/1.1" 404 196
::1 - - [30/Oct/2022:17:10:56 +1100] "GET /sounds/sfx/health1.mp4 HTTP/1.1" 404 196
::1 - - [30/Oct/2022:17:11:11 +1100] "GET /sounds/sfx/health1.mp4 HTTP/1.1" 404 196
::1 - - [30/Oct/2022:17:11:46 +1100] "GET /sounds/sfx/health1.mp4 HTTP/1.1" 404 196
::1 - - [30/Oct/2022:17:12:47 +1100] "GET /sounds/sfx/health1.mp4 HTTP/1.1" 404 196
::1 - - [30/Oct/2022:17:12:52 +1100] "GET /sounds/sfx/health1.mp4 HTTP/1.1" 404 196
::1 - - [30/Oct/2022:17:13:02 +1100] "GET /sounds/sfx/health1.mp4 HTTP/1.1" 404 196
::1 - - [30/Oct/2022:17:13:53 +1100] "GET /sounds/sfx/health1.mp4 HTTP/1.1" 404 196
::1 - - [30/Oct/2022:17:14:13 +1100] "GET /sounds/sfx/health1.mp4 HTTP/1.1" 404 196
::1 - - [30/Oct/2022:17:14:13 +1100] "GET /sounds/sfx/health1.mp4 HTTP/1.1" 404 196
::1 - - [30/Oct/2022:17:14:13 +1100] "GET /sounds/sfx/health1.mp4 HTTP/1.1" 404 196
::1 - - [30/Oct/2022:17:16:46 +1100] "GET /sounds/sfx/health1.mp4 HTTP/1.1" 404 196
::1 - - [30/Oct/2022:17:16:46 +1100] "GET /sounds/sfx/health1.mp4 HTTP/1.1" 404 196
::1 - - [30/Oct/2022:17:17:37 +1100] "GET /sounds/sfx/health2.mp4 HTTP/1.1" 404 196
::1 - - [30/Oct/2022:17:18:37 +1100] "GET /sounds/sfx/health1.mp4 HTTP/1.1" 404 196
::1 - - [30/Oct/2022:17:18:46 +1100] "GET /sounds/sfx/health1.mp4 HTTP/1.1" 404 196
::1 - - [30/Oct/2022:17:20:35 +1100] "GET /maps/e6m3.js HTTP/1.1" 200 37503
::1 - - [30/Oct/2022:17:21:16 +1100] "GET /sounds/sfx/health2.mp4 HTTP/1.1" 404 196
::1 - - [30/Oct/2022:17:22:06 +1100] "GET /sounds/sfx/health2.mp4 HTTP/1.1" 404 196
::1 - - [30/Oct/2022:17:22:42 +1100] "GET /sounds/sfx/playerdeath.mp4 HTTP/1.1" 200 7087
::1 - - [30/Oct/2022:17:22:59 +1100] "GET /sounds/sfx/atkknife.mp4 HTTP/1.1" 200 5587
::1 - - [30/Oct/2022:17:23:54 +1100] "GET /sounds/sfx/health2.mp4 HTTP/1.1" 404 196
::1 - - [30/Oct/2022:17:24:36 +1100] "GET /sounds/sfx/health2.mp4 HTTP/1.1" 404 196
::1 - - [30/Oct/2022:17:24:44 +1100] "GET /sounds/sfx/health2.mp4 HTTP/1.1" 404 196
::1 - - [30/Oct/2022:17:25:10 +1100] "GET /sounds/sfx/health2.mp4 HTTP/1.1" 404 196
::1 - - [30/Oct/2022:17:25:32 +1100] "GET /sounds/sfx/health2.mp4 HTTP/1.1" 404 196
::1 - - [30/Oct/2022:17:27:25 +1100] "-" 408 -
::1 - - [30/Oct/2022:17:27:25 +1100] "-" 408 -
